<?xml version="1.0" encoding="UTF-8" ?>
<testsuite failures="0" time="0.156" errors="0" skipped="0" tests="7" name="org.scajorp.ReflectionTest">
  <properties>
[...]
</properties>
  <testcase time="0.063" classname="org.scajorp.ReflectionTest" name="getScalaMethodReturnType"/>
  <testcase time="0.015" classname="org.scajorp.ReflectionTest" name="getScalaMethod"/>
  <testcase time="0.016" classname="org.scajorp.ReflectionTest" name="getAllScalaMethods"/>
  <testcase time="0.015" classname="org.scajorp.ReflectionTest" name="getJavaVoidReturnType"/>
  <testcase time="0.016" classname="org.scajorp.ReflectionTest" name="getNonExistingJavaMethod"/>
  <testcase time="0" classname="org.scajorp.ReflectionTest" name="getJavaMethod"/>
  <testcase time="0" classname="org.scajorp.ReflectionTest" name="getJavaClassName"/>
</testsuite>